<?xml version="1.0" encoding="UTF-8"?>
<!-- Generated by org.testng.reporters.JUnitReportReporter -->
<testsuite skipped="0" hostname="User-PC" name="Store.values.in.array.StoreValuesInArray" tests="1" failures="0" timestamp="07 Dec 2018 04:22:19 GMT" time="0.502" errors="1">
  <testcase name="storeValuesinArray" time="0.502" classname="Store.values.in.array.StoreValuesInArray">
    <error type="org.apache.poi.ss.formula.FormulaParseException" message="Specified named range &#039;hello&#039; does not exist in the current workbook.">
      <![CDATA[org.apache.poi.ss.formula.FormulaParseException: Specified named range 'hello' does not exist in the current workbook.
at org.apache.poi.ss.formula.FormulaParser.parseNonRange(FormulaParser.java:547)
at org.apache.poi.ss.formula.FormulaParser.parseRangeable(FormulaParser.java:416)
at org.apache.poi.ss.formula.FormulaParser.parseRangeExpression(FormulaParser.java:237)
at org.apache.poi.ss.formula.FormulaParser.parseSimpleFactor(FormulaParser.java:1123)
at org.apache.poi.ss.formula.FormulaParser.percentFactor(FormulaParser.java:1083)
at org.apache.poi.ss.formula.FormulaParser.powerFactor(FormulaParser.java:1070)
at org.apache.poi.ss.formula.FormulaParser.Term(FormulaParser.java:1430)
at org.apache.poi.ss.formula.FormulaParser.additiveExpression(FormulaParser.java:1530)
at org.apache.poi.ss.formula.FormulaParser.concatExpression(FormulaParser.java:1514)
at org.apache.poi.ss.formula.FormulaParser.comparisonExpression(FormulaParser.java:1471)
at org.apache.poi.ss.formula.FormulaParser.unionExpression(FormulaParser.java:1451)
at org.apache.poi.ss.formula.FormulaParser.parse(FormulaParser.java:1572)
at org.apache.poi.ss.formula.FormulaParser.parse(FormulaParser.java:145)
at org.apache.poi.xssf.usermodel.XSSFCell.setFormula(XSSFCell.java:459)
at org.apache.poi.xssf.usermodel.XSSFCell.setCellFormula(XSSFCell.java:439)
at Store.values.in.array.StoreValuesInArray.storeValuesinArray(StoreValuesInArray.java:38)
at sun.reflect.NativeMethodAccessorImpl.invoke0(Native Method)
at sun.reflect.NativeMethodAccessorImpl.invoke(NativeMethodAccessorImpl.java:62)
at sun.reflect.DelegatingMethodAccessorImpl.invoke(DelegatingMethodAccessorImpl.java:43)
at java.lang.reflect.Method.invoke(Method.java:498)
at org.testng.internal.MethodInvocationHelper.invokeMethod(MethodInvocationHelper.java:124)
at org.testng.internal.Invoker.invokeMethod(Invoker.java:583)
at org.testng.internal.Invoker.invokeTestMethod(Invoker.java:719)
at org.testng.internal.Invoker.invokeTestMethods(Invoker.java:989)
at org.testng.internal.TestMethodWorker.invokeTestMethods(TestMethodWorker.java:125)
at org.testng.internal.TestMethodWorker.run(TestMethodWorker.java:109)
at org.testng.TestRunner.privateRun(TestRunner.java:648)
at org.testng.TestRunner.run(TestRunner.java:505)
at org.testng.SuiteRunner.runTest(SuiteRunner.java:455)
at org.testng.SuiteRunner.runSequentially(SuiteRunner.java:450)
at org.testng.SuiteRunner.privateRun(SuiteRunner.java:415)
at org.testng.SuiteRunner.run(SuiteRunner.java:364)
at org.testng.SuiteRunnerWorker.runSuite(SuiteRunnerWorker.java:52)
at org.testng.SuiteRunnerWorker.run(SuiteRunnerWorker.java:84)
at org.testng.TestNG.runSuitesSequentially(TestNG.java:1208)
at org.testng.TestNG.runSuitesLocally(TestNG.java:1137)
at org.testng.TestNG.runSuites(TestNG.java:1049)
at org.testng.TestNG.run(TestNG.java:1017)
at org.testng.remote.AbstractRemoteTestNG.run(AbstractRemoteTestNG.java:114)
at org.testng.remote.RemoteTestNG.initAndRun(RemoteTestNG.java:251)
at org.testng.remote.RemoteTestNG.main(RemoteTestNG.java:77)
]]>
    </error>
  </testcase> <!-- storeValuesinArray -->
</testsuite> <!-- Store.values.in.array.StoreValuesInArray -->
